[01:37:34] Starting full implementation run at 2026-04-09T01:37:34+01:00
[01:37:34] Matrix: plans/CAPTAIN_RECONCILIATION_MATRIX.md
[01:37:34] Logs: logs/implementation
[01:37:55] Sessions: 1 | Skills: ln-614-docs-fact-checker ln-624-code-quality-auditor
[01:37:55] Executor session 01 — prompt: plans/prompts/.generated/session_01_prompt.txt
[01:47:44] EXECUTOR 01 DONE (9m49s)
[01:47:44] Running pytest...
[01:47:45] pytest PASSED
[02:09:08] Validator cycle 01 — prompt: plans/prompts/.generated/agent_b_cycle_01.txt
[02:12:22] VALIDATOR 01 DONE (3m14s)
[02:32:29] Sessions: 2 3 | Skills: ln-624-code-quality-auditor ln-628-concurrency-auditor ln-629-lifecycle-auditor
[02:32:29] Executor session 02 — prompt: plans/prompts/.generated/session_02_prompt.txt
[02:53:43] EXECUTOR 02 DONE (21m14s)
[02:53:43] Running pytest...
[02:53:44] pytest PASSED
[02:53:44] Validator cycle 02 — prompt: plans/prompts/.generated/agent_b_cycle_02.txt
[03:02:19] VALIDATOR 02 DONE (8m35s)
[03:03:53] Executor session 03 — prompt: plans/prompts/.generated/session_03_prompt.txt
[03:12:55] EXECUTOR 03 DONE (9m2s)
[03:12:55] Running pytest...
[03:12:55] pytest PASSED
[03:12:55] Validator cycle 03 — prompt: plans/prompts/.generated/agent_b_cycle_03.txt
[03:21:25] VALIDATOR 03 DONE (8m30s)
[03:21:58] Running phase-end skills: ln-624-code-quality-auditor ln-628-concurrency-auditor ln-629-lifecycle-auditor
[03:21:58] Running skill: ln-624-code-quality-auditor
[03:26:23] Skill ln-624-code-quality-auditor complete
[03:26:23] Running skill: ln-628-concurrency-auditor
[03:35:01] Skill ln-628-concurrency-auditor complete
[03:35:01] Running skill: ln-629-lifecycle-auditor
[03:39:42] Skill ln-629-lifecycle-auditor complete
[03:39:42] Phase '2: Learning Loops' complete.
[10:52:27] Sessions: 4 | Skills: ln-621-security-auditor ln-643-api-contract-auditor
[10:52:27] Executor session 04 — prompt: plans/prompts/.generated/session_04_prompt.txt
[11:03:04] EXECUTOR 04 DONE (10m37s)
[11:03:04] Running pytest...
[11:03:05] pytest PASSED
[11:03:05] Validator cycle 04 — prompt: plans/prompts/.generated/agent_b_cycle_04.txt
[11:08:50] VALIDATOR 04 DONE (5m45s)
[11:08:50] Session 4 complete (progress saved)
[11:08:50] (auto) Session 4 complete. ENTER for next session, Ctrl+C to stop.
[11:08:50] Running phase-end skills: ln-621-security-auditor ln-643-api-contract-auditor
[11:08:50] Running skill: ln-621-security-auditor
[11:13:15] Skill ln-621-security-auditor complete
[11:13:15] Running skill: ln-643-api-contract-auditor
[11:21:05] Skill ln-643-api-contract-auditor complete
[11:21:05] Phase '3: Security Hardening' complete.
[11:21:05] Sessions: 5 6 | Skills: ln-647-env-config-auditor ln-641-pattern-analyzer ln-629-lifecycle-auditor
[11:21:05] Executor session 05 — prompt: plans/prompts/.generated/session_05_prompt.txt
